This file contains any messages produced by compilers while
running configure, to aid debugging if configure makes a mistake.

It was created by PLUMED configure 2, which was
generated by GNU Autoconf 2.69.  Invocation command line was

  $ ./configure --prefix=/Users/walfits/plumed-install --disable-mpi --enable-debug

## --------- ##
## Platform. ##
## --------- ##

hostname = eduroam-185-91.nomadic.bris.ac.uk
uname -m = x86_64
uname -r = 16.1.0
uname -s = Darwin
uname -v = Darwin Kernel Version 16.1.0: Wed Oct 19 20:31:56 PDT 2016; root:xnu-3789.21.4~4/RELEASE_X86_64

/usr/bin/uname -p = i386
/bin/uname -X     = unknown

/bin/arch              = unknown
/usr/bin/arch -k       = unknown
/usr/convex/getsysinfo = unknown
/usr/bin/hostinfo      = Mach kernel version:
	 Darwin Kernel Version 16.1.0: Wed Oct 19 20:31:56 PDT 2016; root:xnu-3789.21.4~4/RELEASE_X86_64
Kernel configured for up to 4 processors.
2 processors are physically available.
4 processors are logically available.
Processor type: x86_64h (Intel x86-64h Haswell)
Processors active: 0 1 2 3
Primary memory available: 8.00 gigabytes
Default processor set: 316 tasks, 1310 threads, 4 processors
Load average: 1.59, Mach factor: 2.41
/bin/machine           = unknown
/usr/bin/oslevel       = unknown
/bin/universe          = unknown

PATH: /Users/walfits/Repositories/plumed2/src/lib/
PATH: /Users/walfits/Repositories/plumed2/src/lib/
PATH: /opt/local/bin
PATH: /opt/local/sbin
PATH: /usr/local/gromacs/bin
PATH: /Applications/CMake.app/Contents/bin
PATH: /Users/walfits/anaconda2/bin
PATH: /usr/local/bin
PATH: /usr/bin
PATH: /bin
PATH: /usr/sbin
PATH: /sbin
PATH: /Library/Frameworks/Mono.framework/Versions/Current/Commands
PATH: /Library/TeX/texbin
PATH: /Users/walfits/.local/bin/
PATH: /Users/walfits/.local/lib/python2.7/site-packages/amp-dev-py2.7.egg/amp


## ----------- ##
## Core tests. ##
## ----------- ##

configure:2346: Optional modules are disabled by default
configure:3000: checking for g++
configure:3016: found /usr/bin/g++
configure:3027: result: g++
configure:3054: checking for C++ compiler version
configure:3063: g++ --version >&5
Apple LLVM version 8.0.0 (clang-800.0.42.1)
Target: x86_64-apple-darwin16.1.0
Thread model: posix
InstalledDir: /Applications/Xcode.app/Contents/Developer/Toolchains/XcodeDefault.xctoolchain/usr/bin
Configured with: --prefix=/Applications/Xcode.app/Contents/Developer/usr --with-gxx-include-dir=/usr/include/c++/4.2.1
configure:3074: $? = 0
configure:3063: g++ -v >&5
Configured with: --prefix=/Applications/Xcode.app/Contents/Developer/usr --with-gxx-include-dir=/usr/include/c++/4.2.1
Apple LLVM version 8.0.0 (clang-800.0.42.1)
Target: x86_64-apple-darwin16.1.0
Thread model: posix
InstalledDir: /Applications/Xcode.app/Contents/Developer/Toolchains/XcodeDefault.xctoolchain/usr/bin
configure:3074: $? = 0
configure:3063: g++ -V >&5
clang: error: argument to '-V' is missing (expected 1 value)
clang: error: no input files
configure:3074: $? = 1
configure:3063: g++ -qversion >&5
clang: error: unknown argument: '-qversion'
clang: error: no input files
configure:3074: $? = 1
configure:3094: checking whether the C++ compiler works
configure:3116: g++ -O   conftest.cpp  >&5
configure:3120: $? = 0
configure:3168: result: yes
configure:3171: checking for C++ compiler default output file name
configure:3173: result: a.out
configure:3179: checking for suffix of executables
configure:3186: g++ -o conftest -O   conftest.cpp  >&5
configure:3190: $? = 0
configure:3212: result: 
configure:3234: checking whether we are cross compiling
configure:3242: g++ -o conftest -O   conftest.cpp  >&5
configure:3246: $? = 0
configure:3253: ./conftest
configure:3257: $? = 0
configure:3272: result: no
configure:3277: checking for suffix of object files
configure:3299: g++ -c -O  conftest.cpp >&5
configure:3303: $? = 0
configure:3324: result: o
configure:3328: checking whether we are using the GNU C++ compiler
configure:3347: g++ -c -O  conftest.cpp >&5
configure:3347: $? = 0
configure:3356: result: yes
configure:3365: checking whether g++ accepts -g
configure:3385: g++ -c -g  conftest.cpp >&5
configure:3385: $? = 0
configure:3426: result: yes
configure:3499: checking for gcc
configure:3515: found /usr/bin/gcc
configure:3526: result: gcc
configure:3755: checking for C compiler version
configure:3764: gcc --version >&5
Apple LLVM version 8.0.0 (clang-800.0.42.1)
Target: x86_64-apple-darwin16.1.0
Thread model: posix
InstalledDir: /Applications/Xcode.app/Contents/Developer/Toolchains/XcodeDefault.xctoolchain/usr/bin
Configured with: --prefix=/Applications/Xcode.app/Contents/Developer/usr --with-gxx-include-dir=/usr/include/c++/4.2.1
configure:3775: $? = 0
configure:3764: gcc -v >&5
Configured with: --prefix=/Applications/Xcode.app/Contents/Developer/usr --with-gxx-include-dir=/usr/include/c++/4.2.1
Apple LLVM version 8.0.0 (clang-800.0.42.1)
Target: x86_64-apple-darwin16.1.0
Thread model: posix
InstalledDir: /Applications/Xcode.app/Contents/Developer/Toolchains/XcodeDefault.xctoolchain/usr/bin
configure:3775: $? = 0
configure:3764: gcc -V >&5
clang: error: argument to '-V' is missing (expected 1 value)
clang: error: no input files
configure:3775: $? = 1
configure:3764: gcc -qversion >&5
clang: error: unknown argument: '-qversion'
clang: error: no input files
configure:3775: $? = 1
configure:3779: checking whether we are using the GNU C compiler
configure:3798: gcc -c   conftest.c >&5
configure:3798: $? = 0
configure:3807: result: yes
configure:3816: checking whether gcc accepts -g
configure:3836: gcc -c -g  conftest.c >&5
configure:3836: $? = 0
configure:3877: result: yes
configure:3894: checking for gcc option to accept ISO C89
configure:3957: gcc  -c -g -O2  conftest.c >&5
configure:3957: $? = 0
configure:3970: result: none needed
configure:4048: checking for gfortran
configure:4064: found /usr/local/bin/gfortran
configure:4075: result: gfortran
configure:4101: checking for Fortran compiler version
configure:4110: gfortran --version >&5
GNU Fortran (GCC) 6.2.0
Copyright (C) 2016 Free Software Foundation, Inc.
This is free software; see the source for copying conditions.  There is NO
warranty; not even for MERCHANTABILITY or FITNESS FOR A PARTICULAR PURPOSE.

configure:4121: $? = 0
configure:4110: gfortran -v >&5
Using built-in specs.
COLLECT_GCC=gfortran
COLLECT_LTO_WRAPPER=/usr/local/libexec/gcc/x86_64-apple-darwin15.6.0/6.2.0/lto-wrapper
Target: x86_64-apple-darwin15.6.0
Configured with: ../gcc-6.2.0/configure --enable-languages=c++,fortran --with-gmp=/usr/local
Thread model: posix
gcc version 6.2.0 (GCC) 
configure:4121: $? = 0
configure:4110: gfortran -V >&5
gfortran: error: unrecognized command line option '-V'
gfortran: fatal error: no input files
compilation terminated.
configure:4121: $? = 1
configure:4110: gfortran -qversion >&5
gfortran: error: unrecognized command line option '-qversion'; did you mean '--version'?
gfortran: fatal error: no input files
compilation terminated.
configure:4121: $? = 1
configure:4130: checking whether we are using the GNU Fortran compiler
configure:4143: gfortran -c   conftest.F >&5
configure:4143: $? = 0
configure:4152: result: yes
configure:4158: checking whether gfortran accepts -g
configure:4169: gfortran -c -g  conftest.f >&5
configure:4169: $? = 0
configure:4177: result: yes
configure:4218: Initial CXX:         g++
configure:4220: Initial CXXFLAGS:    -O
configure:4222: Initial CPPFLAGS:    
configure:4224: Initial CFLAGS:      -g -O2
configure:4226: Initial LDFLAGS:     
configure:4228: Initial LIBS:        
configure:4230: Initial STATIC_LIBS: 
configure:4232: Initial LD:          g++
configure:4234: Initial LDSO:        g++
configure:4236: Initial SOEXT:       
configure:4246: checking whether g++ accepts -fPIC
configure:4259: g++ -c -O -fPIC  conftest.cpp >&5
configure:4259: $? = 0
configure:4272: g++ -o conftest -O -fPIC   conftest.cpp  >&5
configure:4272: $? = 0
configure:4273: result: yes
configure:4299: checking whether gcc accepts -fPIC
configure:4312: gcc -c -g -O2 -fPIC  conftest.c >&5
configure:4312: $? = 0
configure:4325: gcc -o conftest -g -O2 -fPIC   conftest.c  >&5
configure:4325: $? = 0
configure:4326: result: yes
configure:4355: checking whether g++ accepts -Wall
configure:4368: g++ -c -O -fPIC -Wall  conftest.cpp >&5
configure:4368: $? = 0
configure:4381: g++ -o conftest -O -fPIC -Wall   conftest.cpp  >&5
configure:4381: $? = 0
configure:4382: result: yes
configure:4401: checking whether g++ accepts -pedantic
configure:4414: g++ -c -O -fPIC -Wall -pedantic  conftest.cpp >&5
configure:4414: $? = 0
configure:4427: g++ -o conftest -O -fPIC -Wall -pedantic   conftest.cpp  >&5
configure:4427: $? = 0
configure:4428: result: yes
configure:4447: checking whether g++ accepts -ansi
configure:4460: g++ -c -O -fPIC -Wall -pedantic -ansi  conftest.cpp >&5
configure:4460: $? = 0
configure:4473: g++ -o conftest -O -fPIC -Wall -pedantic -ansi   conftest.cpp  >&5
configure:4473: $? = 0
configure:4474: result: yes
configure:4497: checking whether g++ accepts -g
configure:4510: g++ -c -O -fPIC -Wall -pedantic -ansi -g  conftest.cpp >&5
configure:4510: $? = 0
configure:4523: g++ -o conftest -O -fPIC -Wall -pedantic -ansi -g   conftest.cpp  >&5
configure:4523: $? = 0
configure:4524: result: yes
configure:5059: checking whether g++ supports explicit
configure:5072: g++ -c -O -fPIC -Wall -pedantic -ansi -g  conftest.cpp >&5
configure:5072: $? = 0
configure:5073: result: yes
configure:5087: checking whether g++ can generate dependency file with -MM -MF
configure:5096: result: yes
configure:5112: dependency tracking enabled
configure:5121: Now we will check compulsory headers and libraries
configure:5128: checking how to run the C++ preprocessor
configure:5155: g++ -E  conftest.cpp
configure:5155: $? = 0
configure:5169: g++ -E  conftest.cpp
conftest.cpp:9:10: fatal error: 'ac_nonexistent.h' file not found
#include <ac_nonexistent.h>
         ^
1 error generated.
configure:5169: $? = 1
configure: failed program was:
| /* confdefs.h */
| #define PACKAGE_NAME "PLUMED"
| #define PACKAGE_TARNAME "plumed"
| #define PACKAGE_VERSION "2"
| #define PACKAGE_STRING "PLUMED 2"
| #define PACKAGE_BUGREPORT ""
| #define PACKAGE_URL ""
| /* end confdefs.h.  */
| #include <ac_nonexistent.h>
configure:5194: result: g++ -E
configure:5214: g++ -E  conftest.cpp
configure:5214: $? = 0
configure:5228: g++ -E  conftest.cpp
conftest.cpp:9:10: fatal error: 'ac_nonexistent.h' file not found
#include <ac_nonexistent.h>
         ^
1 error generated.
configure:5228: $? = 1
configure: failed program was:
| /* confdefs.h */
| #define PACKAGE_NAME "PLUMED"
| #define PACKAGE_TARNAME "plumed"
| #define PACKAGE_VERSION "2"
| #define PACKAGE_STRING "PLUMED 2"
| #define PACKAGE_BUGREPORT ""
| #define PACKAGE_URL ""
| /* end confdefs.h.  */
| #include <ac_nonexistent.h>
configure:5257: checking for grep that handles long lines and -e
configure:5315: result: /usr/bin/grep
configure:5320: checking for egrep
configure:5382: result: /usr/bin/grep -E
configure:5387: checking for ANSI C header files
configure:5407: g++ -c -O -fPIC -Wall -pedantic -ansi -g  conftest.cpp >&5
configure:5407: $? = 0
configure:5480: g++ -o conftest -O -fPIC -Wall -pedantic -ansi -g   conftest.cpp  >&5
configure:5480: $? = 0
configure:5480: ./conftest
configure:5480: $? = 0
configure:5491: result: yes
configure:5504: checking for sys/types.h
configure:5504: g++ -c -O -fPIC -Wall -pedantic -ansi -g  conftest.cpp >&5
configure:5504: $? = 0
configure:5504: result: yes
configure:5504: checking for sys/stat.h
configure:5504: g++ -c -O -fPIC -Wall -pedantic -ansi -g  conftest.cpp >&5
configure:5504: $? = 0
configure:5504: result: yes
configure:5504: checking for stdlib.h
configure:5504: g++ -c -O -fPIC -Wall -pedantic -ansi -g  conftest.cpp >&5
configure:5504: $? = 0
configure:5504: result: yes
configure:5504: checking for string.h
configure:5504: g++ -c -O -fPIC -Wall -pedantic -ansi -g  conftest.cpp >&5
configure:5504: $? = 0
configure:5504: result: yes
configure:5504: checking for memory.h
configure:5504: g++ -c -O -fPIC -Wall -pedantic -ansi -g  conftest.cpp >&5
configure:5504: $? = 0
configure:5504: result: yes
configure:5504: checking for strings.h
configure:5504: g++ -c -O -fPIC -Wall -pedantic -ansi -g  conftest.cpp >&5
configure:5504: $? = 0
configure:5504: result: yes
configure:5504: checking for inttypes.h
configure:5504: g++ -c -O -fPIC -Wall -pedantic -ansi -g  conftest.cpp >&5
configure:5504: $? = 0
configure:5504: result: yes
configure:5504: checking for stdint.h
configure:5504: g++ -c -O -fPIC -Wall -pedantic -ansi -g  conftest.cpp >&5
configure:5504: $? = 0
configure:5504: result: yes
configure:5504: checking for unistd.h
configure:5504: g++ -c -O -fPIC -Wall -pedantic -ansi -g  conftest.cpp >&5
configure:5504: $? = 0
configure:5504: result: yes
configure:5516: checking dirent.h usability
configure:5516: g++ -c -O -fPIC -Wall -pedantic -ansi -g  conftest.cpp >&5
configure:5516: $? = 0
configure:5516: result: yes
configure:5516: checking dirent.h presence
configure:5516: g++ -E  conftest.cpp
configure:5516: $? = 0
configure:5516: result: yes
configure:5516: checking for dirent.h
configure:5516: result: yes
configure:5524: checking for readdir
configure:5524: g++ -o conftest -O -fPIC -Wall -pedantic -ansi -g   conftest.cpp  >&5
configure:5524: $? = 0
configure:5524: result: yes
configure:5551: checking for dgemv
configure:5551: g++ -o conftest -O -fPIC -Wall -pedantic -ansi -g   conftest.cpp  >&5
Undefined symbols for architecture x86_64:
  "_dgemv", referenced from:
      _main in conftest-e4d84b.o
ld: symbol(s) not found for architecture x86_64
clang: error: linker command failed with exit code 1 (use -v to see invocation)
configure:5551: $? = 1
configure: failed program was:
| /* confdefs.h */
| #define PACKAGE_NAME "PLUMED"
| #define PACKAGE_TARNAME "plumed"
| #define PACKAGE_VERSION "2"
| #define PACKAGE_STRING "PLUMED 2"
| #define PACKAGE_BUGREPORT ""
| #define PACKAGE_URL ""
| #define STDC_HEADERS 1
| #define HAVE_SYS_TYPES_H 1
| #define HAVE_SYS_STAT_H 1
| #define HAVE_STDLIB_H 1
| #define HAVE_STRING_H 1
| #define HAVE_MEMORY_H 1
| #define HAVE_STRINGS_H 1
| #define HAVE_INTTYPES_H 1
| #define HAVE_STDINT_H 1
| #define HAVE_UNISTD_H 1
| /* end confdefs.h.  */
| /* Define dgemv to an innocuous variant, in case <limits.h> declares dgemv.
|    For example, HP-UX 11i <limits.h> declares gettimeofday.  */
| #define dgemv innocuous_dgemv
| 
| /* System header to define __stub macros and hopefully few prototypes,
|     which can conflict with char dgemv (); below.
|     Prefer <limits.h> to <assert.h> if __STDC__ is defined, since
|     <limits.h> exists even on freestanding compilers.  */
| 
| #ifdef __STDC__
| # include <limits.h>
| #else
| # include <assert.h>
| #endif
| 
| #undef dgemv
| 
| /* Override any GCC internal prototype to avoid an error.
|    Use char because int might match the return type of a GCC
|    builtin and then its argument prototype would still apply.  */
| #ifdef __cplusplus
| extern "C"
| #endif
| char dgemv ();
| /* The GNU C library defines this for functions which it implements
|     to always fail with ENOSYS.  Some functions are actually named
|     something starting with __ and the normal name is an alias.  */
| #if defined __stub_dgemv || defined __stub___dgemv
| choke me
| #endif
| 
| int
| main ()
| {
| return dgemv ();
|   ;
|   return 0;
| }
configure:5551: result: no
configure:5556: checking for dgemv_
configure:5556: g++ -o conftest -O -fPIC -Wall -pedantic -ansi -g   conftest.cpp  >&5
Undefined symbols for architecture x86_64:
  "_dgemv_", referenced from:
      _main in conftest-8ffa1a.o
ld: symbol(s) not found for architecture x86_64
clang: error: linker command failed with exit code 1 (use -v to see invocation)
configure:5556: $? = 1
configure: failed program was:
| /* confdefs.h */
| #define PACKAGE_NAME "PLUMED"
| #define PACKAGE_TARNAME "plumed"
| #define PACKAGE_VERSION "2"
| #define PACKAGE_STRING "PLUMED 2"
| #define PACKAGE_BUGREPORT ""
| #define PACKAGE_URL ""
| #define STDC_HEADERS 1
| #define HAVE_SYS_TYPES_H 1
| #define HAVE_SYS_STAT_H 1
| #define HAVE_STDLIB_H 1
| #define HAVE_STRING_H 1
| #define HAVE_MEMORY_H 1
| #define HAVE_STRINGS_H 1
| #define HAVE_INTTYPES_H 1
| #define HAVE_STDINT_H 1
| #define HAVE_UNISTD_H 1
| /* end confdefs.h.  */
| /* Define dgemv_ to an innocuous variant, in case <limits.h> declares dgemv_.
|    For example, HP-UX 11i <limits.h> declares gettimeofday.  */
| #define dgemv_ innocuous_dgemv_
| 
| /* System header to define __stub macros and hopefully few prototypes,
|     which can conflict with char dgemv_ (); below.
|     Prefer <limits.h> to <assert.h> if __STDC__ is defined, since
|     <limits.h> exists even on freestanding compilers.  */
| 
| #ifdef __STDC__
| # include <limits.h>
| #else
| # include <assert.h>
| #endif
| 
| #undef dgemv_
| 
| /* Override any GCC internal prototype to avoid an error.
|    Use char because int might match the return type of a GCC
|    builtin and then its argument prototype would still apply.  */
| #ifdef __cplusplus
| extern "C"
| #endif
| char dgemv_ ();
| /* The GNU C library defines this for functions which it implements
|     to always fail with ENOSYS.  Some functions are actually named
|     something starting with __ and the normal name is an alias.  */
| #if defined __stub_dgemv_ || defined __stub___dgemv_
| choke me
| #endif
| 
| int
| main ()
| {
| return dgemv_ ();
|   ;
|   return 0;
| }
configure:5556: result: no
configure:5561: checking for dgemv in -lblas
configure:5586: g++ -o conftest -O -fPIC -Wall -pedantic -ansi -g   conftest.cpp -lblas   >&5
configure:5586: $? = 0
configure:5595: result: yes
configure:5673: checking for dsyevr
configure:5673: g++ -o conftest -O -fPIC -Wall -pedantic -ansi -g   conftest.cpp -lblas  >&5
Undefined symbols for architecture x86_64:
  "_dsyevr", referenced from:
      _main in conftest-47e91e.o
ld: symbol(s) not found for architecture x86_64
clang: error: linker command failed with exit code 1 (use -v to see invocation)
configure:5673: $? = 1
configure: failed program was:
| /* confdefs.h */
| #define PACKAGE_NAME "PLUMED"
| #define PACKAGE_TARNAME "plumed"
| #define PACKAGE_VERSION "2"
| #define PACKAGE_STRING "PLUMED 2"
| #define PACKAGE_BUGREPORT ""
| #define PACKAGE_URL ""
| #define STDC_HEADERS 1
| #define HAVE_SYS_TYPES_H 1
| #define HAVE_SYS_STAT_H 1
| #define HAVE_STDLIB_H 1
| #define HAVE_STRING_H 1
| #define HAVE_MEMORY_H 1
| #define HAVE_STRINGS_H 1
| #define HAVE_INTTYPES_H 1
| #define HAVE_STDINT_H 1
| #define HAVE_UNISTD_H 1
| #define __PLUMED_HAS_EXTERNAL_BLAS 1
| /* end confdefs.h.  */
| /* Define dsyevr to an innocuous variant, in case <limits.h> declares dsyevr.
|    For example, HP-UX 11i <limits.h> declares gettimeofday.  */
| #define dsyevr innocuous_dsyevr
| 
| /* System header to define __stub macros and hopefully few prototypes,
|     which can conflict with char dsyevr (); below.
|     Prefer <limits.h> to <assert.h> if __STDC__ is defined, since
|     <limits.h> exists even on freestanding compilers.  */
| 
| #ifdef __STDC__
| # include <limits.h>
| #else
| # include <assert.h>
| #endif
| 
| #undef dsyevr
| 
| /* Override any GCC internal prototype to avoid an error.
|    Use char because int might match the return type of a GCC
|    builtin and then its argument prototype would still apply.  */
| #ifdef __cplusplus
| extern "C"
| #endif
| char dsyevr ();
| /* The GNU C library defines this for functions which it implements
|     to always fail with ENOSYS.  Some functions are actually named
|     something starting with __ and the normal name is an alias.  */
| #if defined __stub_dsyevr || defined __stub___dsyevr
| choke me
| #endif
| 
| int
| main ()
| {
| return dsyevr ();
|   ;
|   return 0;
| }
configure:5673: result: no
configure:5679: checking for dsyevr in -llapack
configure:5704: g++ -o conftest -O -fPIC -Wall -pedantic -ansi -g   conftest.cpp -llapack  -lblas  >&5
configure:5704: $? = 0
configure:5714: result: yes
configure:5751: Now we will check for optional headers and libraries
configure:5773: checking for molfile_dcdplugin_init in -lmolfile_plugin
configure:5798: g++ -o conftest -O -fPIC -Wall -pedantic -ansi -g   conftest.cpp -lmolfile_plugin  -llapack -lblas  >&5
ld: library not found for -lmolfile_plugin
clang: error: linker command failed with exit code 1 (use -v to see invocation)
configure:5798: $? = 1
configure: failed program was:
| /* confdefs.h */
| #define PACKAGE_NAME "PLUMED"
| #define PACKAGE_TARNAME "plumed"
| #define PACKAGE_VERSION "2"
| #define PACKAGE_STRING "PLUMED 2"
| #define PACKAGE_BUGREPORT ""
| #define PACKAGE_URL ""
| #define STDC_HEADERS 1
| #define HAVE_SYS_TYPES_H 1
| #define HAVE_SYS_STAT_H 1
| #define HAVE_STDLIB_H 1
| #define HAVE_STRING_H 1
| #define HAVE_MEMORY_H 1
| #define HAVE_STRINGS_H 1
| #define HAVE_INTTYPES_H 1
| #define HAVE_STDINT_H 1
| #define HAVE_UNISTD_H 1
| #define __PLUMED_HAS_EXTERNAL_BLAS 1
| #define __PLUMED_HAS_EXTERNAL_LAPACK 1
| #define F77_NO_UNDERSCORE 1
| #define __PLUMED_HAS_MOLFILE_PLUGINS 1
| /* end confdefs.h.  */
| 
| /* Override any GCC internal prototype to avoid an error.
|    Use char because int might match the return type of a GCC
|    builtin and then its argument prototype would still apply.  */
| #ifdef __cplusplus
| extern "C"
| #endif
| char molfile_dcdplugin_init ();
| int
| main ()
| {
| return molfile_dcdplugin_init ();
|   ;
|   return 0;
| }
configure:5807: result: no
configure:5820: WARNING: using internal molfile_plugins, which only support dcd/xtc/trr/trj/crd files
configure:5834: checking for dlopen in -ldl
configure:5859: g++ -o conftest -O -fPIC -Wall -pedantic -ansi -g   conftest.cpp -ldl  -llapack -lblas  >&5
configure:5859: $? = 0
configure:5868: result: yes
configure:5917: checking for g++ option to support OpenMP
configure:5932: g++ -o conftest -O -fPIC -Wall -pedantic -ansi -g   conftest.cpp -ldl -llapack -lblas  >&5
conftest.cpp:25:2: error: unknown type name 'choke'
 choke me
 ^
conftest.cpp:27:10: fatal error: 'omp.h' file not found
#include <omp.h>
         ^
2 errors generated.
configure:5932: $? = 1
configure: failed program was:
| /* confdefs.h */
| #define PACKAGE_NAME "PLUMED"
| #define PACKAGE_TARNAME "plumed"
| #define PACKAGE_VERSION "2"
| #define PACKAGE_STRING "PLUMED 2"
| #define PACKAGE_BUGREPORT ""
| #define PACKAGE_URL ""
| #define STDC_HEADERS 1
| #define HAVE_SYS_TYPES_H 1
| #define HAVE_SYS_STAT_H 1
| #define HAVE_STDLIB_H 1
| #define HAVE_STRING_H 1
| #define HAVE_MEMORY_H 1
| #define HAVE_STRINGS_H 1
| #define HAVE_INTTYPES_H 1
| #define HAVE_STDINT_H 1
| #define HAVE_UNISTD_H 1
| #define __PLUMED_HAS_EXTERNAL_BLAS 1
| #define __PLUMED_HAS_EXTERNAL_LAPACK 1
| #define F77_NO_UNDERSCORE 1
| #define __PLUMED_HAS_MOLFILE_PLUGINS 1
| /* end confdefs.h.  */
| 
| #ifndef _OPENMP
|  choke me
| #endif
| #include <omp.h>
| int main () { return omp_get_num_threads (); }
| 
configure:5950: g++ -o conftest -O -fPIC -Wall -pedantic -ansi -g -fopenmp   conftest.cpp -ldl -llapack -lblas  >&5
clang: error: unsupported option '-fopenmp'
clang: error: unsupported option '-fopenmp'
configure:5950: $? = 1
configure: failed program was:
| /* confdefs.h */
| #define PACKAGE_NAME "PLUMED"
| #define PACKAGE_TARNAME "plumed"
| #define PACKAGE_VERSION "2"
| #define PACKAGE_STRING "PLUMED 2"
| #define PACKAGE_BUGREPORT ""
| #define PACKAGE_URL ""
| #define STDC_HEADERS 1
| #define HAVE_SYS_TYPES_H 1
| #define HAVE_SYS_STAT_H 1
| #define HAVE_STDLIB_H 1
| #define HAVE_STRING_H 1
| #define HAVE_MEMORY_H 1
| #define HAVE_STRINGS_H 1
| #define HAVE_INTTYPES_H 1
| #define HAVE_STDINT_H 1
| #define HAVE_UNISTD_H 1
| #define __PLUMED_HAS_EXTERNAL_BLAS 1
| #define __PLUMED_HAS_EXTERNAL_LAPACK 1
| #define F77_NO_UNDERSCORE 1
| #define __PLUMED_HAS_MOLFILE_PLUGINS 1
| /* end confdefs.h.  */
| 
| #ifndef _OPENMP
|  choke me
| #endif
| #include <omp.h>
| int main () { return omp_get_num_threads (); }
| 
configure:5950: g++ -o conftest -O -fPIC -Wall -pedantic -ansi -g -xopenmp   conftest.cpp -ldl -llapack -lblas  >&5
clang: error: language not recognized: 'openmp'
configure:5950: $? = 1
configure: failed program was:
| /* confdefs.h */
| #define PACKAGE_NAME "PLUMED"
| #define PACKAGE_TARNAME "plumed"
| #define PACKAGE_VERSION "2"
| #define PACKAGE_STRING "PLUMED 2"
| #define PACKAGE_BUGREPORT ""
| #define PACKAGE_URL ""
| #define STDC_HEADERS 1
| #define HAVE_SYS_TYPES_H 1
| #define HAVE_SYS_STAT_H 1
| #define HAVE_STDLIB_H 1
| #define HAVE_STRING_H 1
| #define HAVE_MEMORY_H 1
| #define HAVE_STRINGS_H 1
| #define HAVE_INTTYPES_H 1
| #define HAVE_STDINT_H 1
| #define HAVE_UNISTD_H 1
| #define __PLUMED_HAS_EXTERNAL_BLAS 1
| #define __PLUMED_HAS_EXTERNAL_LAPACK 1
| #define F77_NO_UNDERSCORE 1
| #define __PLUMED_HAS_MOLFILE_PLUGINS 1
| /* end confdefs.h.  */
| 
| #ifndef _OPENMP
|  choke me
| #endif
| #include <omp.h>
| int main () { return omp_get_num_threads (); }
| 
configure:5950: g++ -o conftest -O -fPIC -Wall -pedantic -ansi -g -openmp   conftest.cpp -ldl -llapack -lblas  >&5
conftest.cpp:25:2: error: unknown type name 'choke'
 choke me
 ^
conftest.cpp:27:10: fatal error: 'omp.h' file not found
#include <omp.h>
         ^
2 errors generated.
configure:5950: $? = 1
configure: failed program was:
| /* confdefs.h */
| #define PACKAGE_NAME "PLUMED"
| #define PACKAGE_TARNAME "plumed"
| #define PACKAGE_VERSION "2"
| #define PACKAGE_STRING "PLUMED 2"
| #define PACKAGE_BUGREPORT ""
| #define PACKAGE_URL ""
| #define STDC_HEADERS 1
| #define HAVE_SYS_TYPES_H 1
| #define HAVE_SYS_STAT_H 1
| #define HAVE_STDLIB_H 1
| #define HAVE_STRING_H 1
| #define HAVE_MEMORY_H 1
| #define HAVE_STRINGS_H 1
| #define HAVE_INTTYPES_H 1
| #define HAVE_STDINT_H 1
| #define HAVE_UNISTD_H 1
| #define __PLUMED_HAS_EXTERNAL_BLAS 1
| #define __PLUMED_HAS_EXTERNAL_LAPACK 1
| #define F77_NO_UNDERSCORE 1
| #define __PLUMED_HAS_MOLFILE_PLUGINS 1
| /* end confdefs.h.  */
| 
| #ifndef _OPENMP
|  choke me
| #endif
| #include <omp.h>
| int main () { return omp_get_num_threads (); }
| 
configure:5950: g++ -o conftest -O -fPIC -Wall -pedantic -ansi -g -mp   conftest.cpp -ldl -llapack -lblas  >&5
clang: error: unknown argument: '-mp'
configure:5950: $? = 1
configure: failed program was:
| /* confdefs.h */
| #define PACKAGE_NAME "PLUMED"
| #define PACKAGE_TARNAME "plumed"
| #define PACKAGE_VERSION "2"
| #define PACKAGE_STRING "PLUMED 2"
| #define PACKAGE_BUGREPORT ""
| #define PACKAGE_URL ""
| #define STDC_HEADERS 1
| #define HAVE_SYS_TYPES_H 1
| #define HAVE_SYS_STAT_H 1
| #define HAVE_STDLIB_H 1
| #define HAVE_STRING_H 1
| #define HAVE_MEMORY_H 1
| #define HAVE_STRINGS_H 1
| #define HAVE_INTTYPES_H 1
| #define HAVE_STDINT_H 1
| #define HAVE_UNISTD_H 1
| #define __PLUMED_HAS_EXTERNAL_BLAS 1
| #define __PLUMED_HAS_EXTERNAL_LAPACK 1
| #define F77_NO_UNDERSCORE 1
| #define __PLUMED_HAS_MOLFILE_PLUGINS 1
| /* end confdefs.h.  */
| 
| #ifndef _OPENMP
|  choke me
| #endif
| #include <omp.h>
| int main () { return omp_get_num_threads (); }
| 
configure:5950: g++ -o conftest -O -fPIC -Wall -pedantic -ansi -g -omp   conftest.cpp -ldl -llapack -lblas  >&5
conftest.cpp:25:2: error: unknown type name 'choke'
 choke me
 ^
conftest.cpp:27:10: fatal error: 'omp.h' file not found
#include <omp.h>
         ^
2 errors generated.
configure:5950: $? = 1
configure: failed program was:
| /* confdefs.h */
| #define PACKAGE_NAME "PLUMED"
| #define PACKAGE_TARNAME "plumed"
| #define PACKAGE_VERSION "2"
| #define PACKAGE_STRING "PLUMED 2"
| #define PACKAGE_BUGREPORT ""
| #define PACKAGE_URL ""
| #define STDC_HEADERS 1
| #define HAVE_SYS_TYPES_H 1
| #define HAVE_SYS_STAT_H 1
| #define HAVE_STDLIB_H 1
| #define HAVE_STRING_H 1
| #define HAVE_MEMORY_H 1
| #define HAVE_STRINGS_H 1
| #define HAVE_INTTYPES_H 1
| #define HAVE_STDINT_H 1
| #define HAVE_UNISTD_H 1
| #define __PLUMED_HAS_EXTERNAL_BLAS 1
| #define __PLUMED_HAS_EXTERNAL_LAPACK 1
| #define F77_NO_UNDERSCORE 1
| #define __PLUMED_HAS_MOLFILE_PLUGINS 1
| /* end confdefs.h.  */
| 
| #ifndef _OPENMP
|  choke me
| #endif
| #include <omp.h>
| int main () { return omp_get_num_threads (); }
| 
configure:5950: g++ -o conftest -O -fPIC -Wall -pedantic -ansi -g -qsmp=omp   conftest.cpp -ldl -llapack -lblas  >&5
clang: error: unknown argument: '-qsmp=omp'
configure:5950: $? = 1
configure: failed program was:
| /* confdefs.h */
| #define PACKAGE_NAME "PLUMED"
| #define PACKAGE_TARNAME "plumed"
| #define PACKAGE_VERSION "2"
| #define PACKAGE_STRING "PLUMED 2"
| #define PACKAGE_BUGREPORT ""
| #define PACKAGE_URL ""
| #define STDC_HEADERS 1
| #define HAVE_SYS_TYPES_H 1
| #define HAVE_SYS_STAT_H 1
| #define HAVE_STDLIB_H 1
| #define HAVE_STRING_H 1
| #define HAVE_MEMORY_H 1
| #define HAVE_STRINGS_H 1
| #define HAVE_INTTYPES_H 1
| #define HAVE_STDINT_H 1
| #define HAVE_UNISTD_H 1
| #define __PLUMED_HAS_EXTERNAL_BLAS 1
| #define __PLUMED_HAS_EXTERNAL_LAPACK 1
| #define F77_NO_UNDERSCORE 1
| #define __PLUMED_HAS_MOLFILE_PLUGINS 1
| /* end confdefs.h.  */
| 
| #ifndef _OPENMP
|  choke me
| #endif
| #include <omp.h>
| int main () { return omp_get_num_threads (); }
| 
configure:5950: g++ -o conftest -O -fPIC -Wall -pedantic -ansi -g -homp   conftest.cpp -ldl -llapack -lblas  >&5
clang: error: unknown argument: '-homp'
configure:5950: $? = 1
configure: failed program was:
| /* confdefs.h */
| #define PACKAGE_NAME "PLUMED"
| #define PACKAGE_TARNAME "plumed"
| #define PACKAGE_VERSION "2"
| #define PACKAGE_STRING "PLUMED 2"
| #define PACKAGE_BUGREPORT ""
| #define PACKAGE_URL ""
| #define STDC_HEADERS 1
| #define HAVE_SYS_TYPES_H 1
| #define HAVE_SYS_STAT_H 1
| #define HAVE_STDLIB_H 1
| #define HAVE_STRING_H 1
| #define HAVE_MEMORY_H 1
| #define HAVE_STRINGS_H 1
| #define HAVE_INTTYPES_H 1
| #define HAVE_STDINT_H 1
| #define HAVE_UNISTD_H 1
| #define __PLUMED_HAS_EXTERNAL_BLAS 1
| #define __PLUMED_HAS_EXTERNAL_LAPACK 1
| #define F77_NO_UNDERSCORE 1
| #define __PLUMED_HAS_MOLFILE_PLUGINS 1
| /* end confdefs.h.  */
| 
| #ifndef _OPENMP
|  choke me
| #endif
| #include <omp.h>
| int main () { return omp_get_num_threads (); }
| 
configure:5950: g++ -o conftest -O -fPIC -Wall -pedantic -ansi -g -Popenmp   conftest.cpp -ldl -llapack -lblas  >&5
clang: error: unknown argument: '-Popenmp'
configure:5950: $? = 1
configure: failed program was:
| /* confdefs.h */
| #define PACKAGE_NAME "PLUMED"
| #define PACKAGE_TARNAME "plumed"
| #define PACKAGE_VERSION "2"
| #define PACKAGE_STRING "PLUMED 2"
| #define PACKAGE_BUGREPORT ""
| #define PACKAGE_URL ""
| #define STDC_HEADERS 1
| #define HAVE_SYS_TYPES_H 1
| #define HAVE_SYS_STAT_H 1
| #define HAVE_STDLIB_H 1
| #define HAVE_STRING_H 1
| #define HAVE_MEMORY_H 1
| #define HAVE_STRINGS_H 1
| #define HAVE_INTTYPES_H 1
| #define HAVE_STDINT_H 1
| #define HAVE_UNISTD_H 1
| #define __PLUMED_HAS_EXTERNAL_BLAS 1
| #define __PLUMED_HAS_EXTERNAL_LAPACK 1
| #define F77_NO_UNDERSCORE 1
| #define __PLUMED_HAS_MOLFILE_PLUGINS 1
| /* end confdefs.h.  */
| 
| #ifndef _OPENMP
|  choke me
| #endif
| #include <omp.h>
| int main () { return omp_get_num_threads (); }
| 
configure:5950: g++ -o conftest -O -fPIC -Wall -pedantic -ansi -g --openmp   conftest.cpp -ldl -llapack -lblas  >&5
clang: error: unsupported option '--openmp'
configure:5950: $? = 1
configure: failed program was:
| /* confdefs.h */
| #define PACKAGE_NAME "PLUMED"
| #define PACKAGE_TARNAME "plumed"
| #define PACKAGE_VERSION "2"
| #define PACKAGE_STRING "PLUMED 2"
| #define PACKAGE_BUGREPORT ""
| #define PACKAGE_URL ""
| #define STDC_HEADERS 1
| #define HAVE_SYS_TYPES_H 1
| #define HAVE_SYS_STAT_H 1
| #define HAVE_STDLIB_H 1
| #define HAVE_STRING_H 1
| #define HAVE_MEMORY_H 1
| #define HAVE_STRINGS_H 1
| #define HAVE_INTTYPES_H 1
| #define HAVE_STDINT_H 1
| #define HAVE_UNISTD_H 1
| #define __PLUMED_HAS_EXTERNAL_BLAS 1
| #define __PLUMED_HAS_EXTERNAL_LAPACK 1
| #define F77_NO_UNDERSCORE 1
| #define __PLUMED_HAS_MOLFILE_PLUGINS 1
| /* end confdefs.h.  */
| 
| #ifndef _OPENMP
|  choke me
| #endif
| #include <omp.h>
| int main () { return omp_get_num_threads (); }
| 
configure:5964: result: unsupported
configure:5979: checking matheval.h usability
configure:5979: g++ -c -O -fPIC -Wall -pedantic -ansi -g  conftest.cpp >&5
conftest.cpp:56:10: fatal error: 'matheval.h' file not found
#include <matheval.h>
         ^
1 error generated.
configure:5979: $? = 1
configure: failed program was:
| /* confdefs.h */
| #define PACKAGE_NAME "PLUMED"
| #define PACKAGE_TARNAME "plumed"
| #define PACKAGE_VERSION "2"
| #define PACKAGE_STRING "PLUMED 2"
| #define PACKAGE_BUGREPORT ""
| #define PACKAGE_URL ""
| #define STDC_HEADERS 1
| #define HAVE_SYS_TYPES_H 1
| #define HAVE_SYS_STAT_H 1
| #define HAVE_STDLIB_H 1
| #define HAVE_STRING_H 1
| #define HAVE_MEMORY_H 1
| #define HAVE_STRINGS_H 1
| #define HAVE_INTTYPES_H 1
| #define HAVE_STDINT_H 1
| #define HAVE_UNISTD_H 1
| #define __PLUMED_HAS_EXTERNAL_BLAS 1
| #define __PLUMED_HAS_EXTERNAL_LAPACK 1
| #define F77_NO_UNDERSCORE 1
| #define __PLUMED_HAS_MOLFILE_PLUGINS 1
| /* end confdefs.h.  */
| #include <stdio.h>
| #ifdef HAVE_SYS_TYPES_H
| # include <sys/types.h>
| #endif
| #ifdef HAVE_SYS_STAT_H
| # include <sys/stat.h>
| #endif
| #ifdef STDC_HEADERS
| # include <stdlib.h>
| # include <stddef.h>
| #else
| # ifdef HAVE_STDLIB_H
| #  include <stdlib.h>
| # endif
| #endif
| #ifdef HAVE_STRING_H
| # if !defined STDC_HEADERS && defined HAVE_MEMORY_H
| #  include <memory.h>
| # endif
| # include <string.h>
| #endif
| #ifdef HAVE_STRINGS_H
| # include <strings.h>
| #endif
| #ifdef HAVE_INTTYPES_H
| # include <inttypes.h>
| #endif
| #ifdef HAVE_STDINT_H
| # include <stdint.h>
| #endif
| #ifdef HAVE_UNISTD_H
| # include <unistd.h>
| #endif
| #include <matheval.h>
configure:5979: result: no
configure:5979: checking matheval.h presence
configure:5979: g++ -E  conftest.cpp
conftest.cpp:23:10: fatal error: 'matheval.h' file not found
#include <matheval.h>
         ^
1 error generated.
configure:5979: $? = 1
configure: failed program was:
| /* confdefs.h */
| #define PACKAGE_NAME "PLUMED"
| #define PACKAGE_TARNAME "plumed"
| #define PACKAGE_VERSION "2"
| #define PACKAGE_STRING "PLUMED 2"
| #define PACKAGE_BUGREPORT ""
| #define PACKAGE_URL ""
| #define STDC_HEADERS 1
| #define HAVE_SYS_TYPES_H 1
| #define HAVE_SYS_STAT_H 1
| #define HAVE_STDLIB_H 1
| #define HAVE_STRING_H 1
| #define HAVE_MEMORY_H 1
| #define HAVE_STRINGS_H 1
| #define HAVE_INTTYPES_H 1
| #define HAVE_STDINT_H 1
| #define HAVE_UNISTD_H 1
| #define __PLUMED_HAS_EXTERNAL_BLAS 1
| #define __PLUMED_HAS_EXTERNAL_LAPACK 1
| #define F77_NO_UNDERSCORE 1
| #define __PLUMED_HAS_MOLFILE_PLUGINS 1
| /* end confdefs.h.  */
| #include <matheval.h>
configure:5979: result: no
configure:5979: checking for matheval.h
configure:5979: result: no
configure:6037: WARNING: cannot enable __PLUMED_HAS_MATHEVAL
configure:6045: checking time.h usability
configure:6045: g++ -c -O -fPIC -Wall -pedantic -ansi -g  conftest.cpp >&5
configure:6045: $? = 0
configure:6045: result: yes
configure:6045: checking time.h presence
configure:6045: g++ -E  conftest.cpp
configure:6045: $? = 0
configure:6045: result: yes
configure:6045: checking for time.h
configure:6045: result: yes
configure:6048: checking for clock_gettime
configure:6048: g++ -o conftest -O -fPIC -Wall -pedantic -ansi -g   conftest.cpp -ldl -llapack -lblas  >&5
configure:6048: $? = 0
configure:6048: result: yes
configure:6111: checking sys/time.h usability
configure:6111: g++ -c -O -fPIC -Wall -pedantic -ansi -g  conftest.cpp >&5
configure:6111: $? = 0
configure:6111: result: yes
configure:6111: checking sys/time.h presence
configure:6111: g++ -E  conftest.cpp
configure:6111: $? = 0
configure:6111: result: yes
configure:6111: checking for sys/time.h
configure:6111: result: yes
configure:6114: checking for gettimeofday
configure:6114: g++ -o conftest -O -fPIC -Wall -pedantic -ansi -g   conftest.cpp -ldl -llapack -lblas  >&5
configure:6114: $? = 0
configure:6114: result: yes
configure:6135: checking for dirent.h
configure:6135: result: yes
configure:6138: checking for readdir_r
configure:6138: g++ -o conftest -O -fPIC -Wall -pedantic -ansi -g   conftest.cpp -ldl -llapack -lblas  >&5
configure:6138: $? = 0
configure:6138: result: yes
configure:6159: checking regex.h usability
configure:6159: g++ -c -O -fPIC -Wall -pedantic -ansi -g  conftest.cpp >&5
configure:6159: $? = 0
configure:6159: result: yes
configure:6159: checking regex.h presence
configure:6159: g++ -E  conftest.cpp
configure:6159: $? = 0
configure:6159: result: yes
configure:6159: checking for regex.h
configure:6159: result: yes
configure:6162: checking for regcomp
configure:6162: g++ -o conftest -O -fPIC -Wall -pedantic -ansi -g   conftest.cpp -ldl -llapack -lblas  >&5
configure:6162: $? = 0
configure:6162: result: yes
configure:6183: checking dlfcn.h usability
configure:6183: g++ -c -O -fPIC -Wall -pedantic -ansi -g  conftest.cpp >&5
configure:6183: $? = 0
configure:6183: result: yes
configure:6183: checking dlfcn.h presence
configure:6183: g++ -E  conftest.cpp
configure:6183: $? = 0
configure:6183: result: yes
configure:6183: checking for dlfcn.h
configure:6183: result: yes
configure:6186: checking for dlopen
configure:6186: g++ -o conftest -O -fPIC -Wall -pedantic -ansi -g   conftest.cpp -ldl -llapack -lblas  >&5
configure:6186: $? = 0
configure:6186: result: yes
configure:6207: checking execinfo.h usability
configure:6207: g++ -c -O -fPIC -Wall -pedantic -ansi -g  conftest.cpp >&5
configure:6207: $? = 0
configure:6207: result: yes
configure:6207: checking execinfo.h presence
configure:6207: g++ -E  conftest.cpp
configure:6207: $? = 0
configure:6207: result: yes
configure:6207: checking for execinfo.h
configure:6207: result: yes
configure:6210: checking for backtrace
configure:6210: g++ -o conftest -O -fPIC -Wall -pedantic -ansi -g   conftest.cpp -ldl -llapack -lblas  >&5
configure:6210: $? = 0
configure:6210: result: yes
configure:6231: checking zlib.h usability
configure:6231: g++ -c -O -fPIC -Wall -pedantic -ansi -g  conftest.cpp >&5
configure:6231: $? = 0
configure:6231: result: yes
configure:6231: checking zlib.h presence
configure:6231: g++ -E  conftest.cpp
configure:6231: $? = 0
configure:6231: result: yes
configure:6231: checking for zlib.h
configure:6231: result: yes
configure:6234: checking for gzopen
configure:6234: g++ -o conftest -O -fPIC -Wall -pedantic -ansi -g   conftest.cpp -ldl -llapack -lblas  >&5
Undefined symbols for architecture x86_64:
  "_gzopen", referenced from:
      _main in conftest-b66e27.o
ld: symbol(s) not found for architecture x86_64
clang: error: linker command failed with exit code 1 (use -v to see invocation)
configure:6234: $? = 1
configure: failed program was:
| /* confdefs.h */
| #define PACKAGE_NAME "PLUMED"
| #define PACKAGE_TARNAME "plumed"
| #define PACKAGE_VERSION "2"
| #define PACKAGE_STRING "PLUMED 2"
| #define PACKAGE_BUGREPORT ""
| #define PACKAGE_URL ""
| #define STDC_HEADERS 1
| #define HAVE_SYS_TYPES_H 1
| #define HAVE_SYS_STAT_H 1
| #define HAVE_STDLIB_H 1
| #define HAVE_STRING_H 1
| #define HAVE_MEMORY_H 1
| #define HAVE_STRINGS_H 1
| #define HAVE_INTTYPES_H 1
| #define HAVE_STDINT_H 1
| #define HAVE_UNISTD_H 1
| #define __PLUMED_HAS_EXTERNAL_BLAS 1
| #define __PLUMED_HAS_EXTERNAL_LAPACK 1
| #define F77_NO_UNDERSCORE 1
| #define __PLUMED_HAS_MOLFILE_PLUGINS 1
| #define __PLUMED_HAS_CLOCK_GETTIME 1
| #define __PLUMED_HAS_GETTIMEOFDAY 1
| #define __PLUMED_HAS_READDIR_R 1
| #define __PLUMED_HAS_CREGEX 1
| #define __PLUMED_HAS_DLOPEN 1
| #define __PLUMED_HAS_EXECINFO 1
| /* end confdefs.h.  */
| /* Define gzopen to an innocuous variant, in case <limits.h> declares gzopen.
|    For example, HP-UX 11i <limits.h> declares gettimeofday.  */
| #define gzopen innocuous_gzopen
| 
| /* System header to define __stub macros and hopefully few prototypes,
|     which can conflict with char gzopen (); below.
|     Prefer <limits.h> to <assert.h> if __STDC__ is defined, since
|     <limits.h> exists even on freestanding compilers.  */
| 
| #ifdef __STDC__
| # include <limits.h>
| #else
| # include <assert.h>
| #endif
| 
| #undef gzopen
| 
| /* Override any GCC internal prototype to avoid an error.
|    Use char because int might match the return type of a GCC
|    builtin and then its argument prototype would still apply.  */
| #ifdef __cplusplus
| extern "C"
| #endif
| char gzopen ();
| /* The GNU C library defines this for functions which it implements
|     to always fail with ENOSYS.  Some functions are actually named
|     something starting with __ and the normal name is an alias.  */
| #if defined __stub_gzopen || defined __stub___gzopen
| choke me
| #endif
| 
| int
| main ()
| {
| return gzopen ();
|   ;
|   return 0;
| }
configure:6234: result: no
configure:6238: checking for gzopen in -lz
configure:6263: g++ -o conftest -O -fPIC -Wall -pedantic -ansi -g   conftest.cpp -lz  -ldl -llapack -lblas  >&5
configure:6263: $? = 0
configure:6272: result: yes
configure:6299: checking for cblas_dgemv
configure:6299: g++ -o conftest -O -fPIC -Wall -pedantic -ansi -g   conftest.cpp -lz -ldl -llapack -lblas  >&5
configure:6299: $? = 0
configure:6299: result: yes
configure:6349: checking gsl/gsl_vector.h usability
configure:6349: g++ -c -O -fPIC -Wall -pedantic -ansi -g  conftest.cpp >&5
conftest.cpp:63:10: fatal error: 'gsl/gsl_vector.h' file not found
#include <gsl/gsl_vector.h>
         ^
1 error generated.
configure:6349: $? = 1
configure: failed program was:
| /* confdefs.h */
| #define PACKAGE_NAME "PLUMED"
| #define PACKAGE_TARNAME "plumed"
| #define PACKAGE_VERSION "2"
| #define PACKAGE_STRING "PLUMED 2"
| #define PACKAGE_BUGREPORT ""
| #define PACKAGE_URL ""
| #define STDC_HEADERS 1
| #define HAVE_SYS_TYPES_H 1
| #define HAVE_SYS_STAT_H 1
| #define HAVE_STDLIB_H 1
| #define HAVE_STRING_H 1
| #define HAVE_MEMORY_H 1
| #define HAVE_STRINGS_H 1
| #define HAVE_INTTYPES_H 1
| #define HAVE_STDINT_H 1
| #define HAVE_UNISTD_H 1
| #define __PLUMED_HAS_EXTERNAL_BLAS 1
| #define __PLUMED_HAS_EXTERNAL_LAPACK 1
| #define F77_NO_UNDERSCORE 1
| #define __PLUMED_HAS_MOLFILE_PLUGINS 1
| #define __PLUMED_HAS_CLOCK_GETTIME 1
| #define __PLUMED_HAS_GETTIMEOFDAY 1
| #define __PLUMED_HAS_READDIR_R 1
| #define __PLUMED_HAS_CREGEX 1
| #define __PLUMED_HAS_DLOPEN 1
| #define __PLUMED_HAS_EXECINFO 1
| #define __PLUMED_HAS_ZLIB 1
| /* end confdefs.h.  */
| #include <stdio.h>
| #ifdef HAVE_SYS_TYPES_H
| # include <sys/types.h>
| #endif
| #ifdef HAVE_SYS_STAT_H
| # include <sys/stat.h>
| #endif
| #ifdef STDC_HEADERS
| # include <stdlib.h>
| # include <stddef.h>
| #else
| # ifdef HAVE_STDLIB_H
| #  include <stdlib.h>
| # endif
| #endif
| #ifdef HAVE_STRING_H
| # if !defined STDC_HEADERS && defined HAVE_MEMORY_H
| #  include <memory.h>
| # endif
| # include <string.h>
| #endif
| #ifdef HAVE_STRINGS_H
| # include <strings.h>
| #endif
| #ifdef HAVE_INTTYPES_H
| # include <inttypes.h>
| #endif
| #ifdef HAVE_STDINT_H
| # include <stdint.h>
| #endif
| #ifdef HAVE_UNISTD_H
| # include <unistd.h>
| #endif
| #include <gsl/gsl_vector.h>
configure:6349: result: no
configure:6349: checking gsl/gsl_vector.h presence
configure:6349: g++ -E  conftest.cpp
conftest.cpp:30:10: fatal error: 'gsl/gsl_vector.h' file not found
#include <gsl/gsl_vector.h>
         ^
1 error generated.
configure:6349: $? = 1
configure: failed program was:
| /* confdefs.h */
| #define PACKAGE_NAME "PLUMED"
| #define PACKAGE_TARNAME "plumed"
| #define PACKAGE_VERSION "2"
| #define PACKAGE_STRING "PLUMED 2"
| #define PACKAGE_BUGREPORT ""
| #define PACKAGE_URL ""
| #define STDC_HEADERS 1
| #define HAVE_SYS_TYPES_H 1
| #define HAVE_SYS_STAT_H 1
| #define HAVE_STDLIB_H 1
| #define HAVE_STRING_H 1
| #define HAVE_MEMORY_H 1
| #define HAVE_STRINGS_H 1
| #define HAVE_INTTYPES_H 1
| #define HAVE_STDINT_H 1
| #define HAVE_UNISTD_H 1
| #define __PLUMED_HAS_EXTERNAL_BLAS 1
| #define __PLUMED_HAS_EXTERNAL_LAPACK 1
| #define F77_NO_UNDERSCORE 1
| #define __PLUMED_HAS_MOLFILE_PLUGINS 1
| #define __PLUMED_HAS_CLOCK_GETTIME 1
| #define __PLUMED_HAS_GETTIMEOFDAY 1
| #define __PLUMED_HAS_READDIR_R 1
| #define __PLUMED_HAS_CREGEX 1
| #define __PLUMED_HAS_DLOPEN 1
| #define __PLUMED_HAS_EXECINFO 1
| #define __PLUMED_HAS_ZLIB 1
| /* end confdefs.h.  */
| #include <gsl/gsl_vector.h>
configure:6349: result: no
configure:6349: checking for gsl/gsl_vector.h
configure:6349: result: no
configure:6410: WARNING: cannot enable __PLUMED_HAS_GSL
configure:6418: checking xdrfile/xdrfile_xtc.h usability
configure:6418: g++ -c -O -fPIC -Wall -pedantic -ansi -g  conftest.cpp >&5
conftest.cpp:63:10: fatal error: 'xdrfile/xdrfile_xtc.h' file not found
#include <xdrfile/xdrfile_xtc.h>
         ^
1 error generated.
configure:6418: $? = 1
configure: failed program was:
| /* confdefs.h */
| #define PACKAGE_NAME "PLUMED"
| #define PACKAGE_TARNAME "plumed"
| #define PACKAGE_VERSION "2"
| #define PACKAGE_STRING "PLUMED 2"
| #define PACKAGE_BUGREPORT ""
| #define PACKAGE_URL ""
| #define STDC_HEADERS 1
| #define HAVE_SYS_TYPES_H 1
| #define HAVE_SYS_STAT_H 1
| #define HAVE_STDLIB_H 1
| #define HAVE_STRING_H 1
| #define HAVE_MEMORY_H 1
| #define HAVE_STRINGS_H 1
| #define HAVE_INTTYPES_H 1
| #define HAVE_STDINT_H 1
| #define HAVE_UNISTD_H 1
| #define __PLUMED_HAS_EXTERNAL_BLAS 1
| #define __PLUMED_HAS_EXTERNAL_LAPACK 1
| #define F77_NO_UNDERSCORE 1
| #define __PLUMED_HAS_MOLFILE_PLUGINS 1
| #define __PLUMED_HAS_CLOCK_GETTIME 1
| #define __PLUMED_HAS_GETTIMEOFDAY 1
| #define __PLUMED_HAS_READDIR_R 1
| #define __PLUMED_HAS_CREGEX 1
| #define __PLUMED_HAS_DLOPEN 1
| #define __PLUMED_HAS_EXECINFO 1
| #define __PLUMED_HAS_ZLIB 1
| /* end confdefs.h.  */
| #include <stdio.h>
| #ifdef HAVE_SYS_TYPES_H
| # include <sys/types.h>
| #endif
| #ifdef HAVE_SYS_STAT_H
| # include <sys/stat.h>
| #endif
| #ifdef STDC_HEADERS
| # include <stdlib.h>
| # include <stddef.h>
| #else
| # ifdef HAVE_STDLIB_H
| #  include <stdlib.h>
| # endif
| #endif
| #ifdef HAVE_STRING_H
| # if !defined STDC_HEADERS && defined HAVE_MEMORY_H
| #  include <memory.h>
| # endif
| # include <string.h>
| #endif
| #ifdef HAVE_STRINGS_H
| # include <strings.h>
| #endif
| #ifdef HAVE_INTTYPES_H
| # include <inttypes.h>
| #endif
| #ifdef HAVE_STDINT_H
| # include <stdint.h>
| #endif
| #ifdef HAVE_UNISTD_H
| # include <unistd.h>
| #endif
| #include <xdrfile/xdrfile_xtc.h>
configure:6418: result: no
configure:6418: checking xdrfile/xdrfile_xtc.h presence
configure:6418: g++ -E  conftest.cpp
conftest.cpp:30:10: fatal error: 'xdrfile/xdrfile_xtc.h' file not found
#include <xdrfile/xdrfile_xtc.h>
         ^
1 error generated.
configure:6418: $? = 1
configure: failed program was:
| /* confdefs.h */
| #define PACKAGE_NAME "PLUMED"
| #define PACKAGE_TARNAME "plumed"
| #define PACKAGE_VERSION "2"
| #define PACKAGE_STRING "PLUMED 2"
| #define PACKAGE_BUGREPORT ""
| #define PACKAGE_URL ""
| #define STDC_HEADERS 1
| #define HAVE_SYS_TYPES_H 1
| #define HAVE_SYS_STAT_H 1
| #define HAVE_STDLIB_H 1
| #define HAVE_STRING_H 1
| #define HAVE_MEMORY_H 1
| #define HAVE_STRINGS_H 1
| #define HAVE_INTTYPES_H 1
| #define HAVE_STDINT_H 1
| #define HAVE_UNISTD_H 1
| #define __PLUMED_HAS_EXTERNAL_BLAS 1
| #define __PLUMED_HAS_EXTERNAL_LAPACK 1
| #define F77_NO_UNDERSCORE 1
| #define __PLUMED_HAS_MOLFILE_PLUGINS 1
| #define __PLUMED_HAS_CLOCK_GETTIME 1
| #define __PLUMED_HAS_GETTIMEOFDAY 1
| #define __PLUMED_HAS_READDIR_R 1
| #define __PLUMED_HAS_CREGEX 1
| #define __PLUMED_HAS_DLOPEN 1
| #define __PLUMED_HAS_EXECINFO 1
| #define __PLUMED_HAS_ZLIB 1
| /* end confdefs.h.  */
| #include <xdrfile/xdrfile_xtc.h>
configure:6418: result: no
configure:6418: checking for xdrfile/xdrfile_xtc.h
configure:6418: result: no
configure:6476: WARNING: cannot enable __PLUMED_HAS_XDRFILE
configure:6652: *** Special settings for dynamic libraries on OSX ***
configure:6654: Dynamic library extension is 'dylib'
configure:6656: LDSO needs special flags
configure:6706: Using LDSO='g++ -undefined suppress -flat_namespace -dynamiclib'
configure:6708: Using LDFLAGS=''
configure:6710: checking whether LDSO can create dynamic libraries
configure:6718: result: yes
configure:6741: checking for doxygen
configure:6771: result: no
configure:6840: Manuals will not be generated
configure:6852: A PDF version of the manual will not be generated
configure:6860: checking for xxd
configure:6876: found /usr/bin/xxd
configure:6887: result: found
configure:6902: checking whether a program can be run on this machine
configure:6929: g++ -o conftest -O -fPIC -Wall -pedantic -ansi -g   conftest.cpp -lz -ldl -llapack -lblas  >&5
configure:6929: $? = 0
configure:6929: ./conftest
configure:6929: $? = 0
configure:6930: result: yes
configure:6981: PLUMED seems to be configured properly!
configure:6983: **************************
configure:6988: checking whether C++ objects can be grouped with ld -r
configure:7017: result: yes
configure:7026: I will now check if C++ objects can be linked by C/Fortran compilers
configure:7028: This is relevant if you want to use plumed patch --static on a non-C++ code
configure:7068: checking whether C can link a C++ object
configure:7079: result: no
configure:7068: checking whether C can link a C++ object with library -lstdc++
configure:7074: result: yes
configure:7068: checking whether FORTRAN can link a C++ object
configure:7079: result: no
configure:7068: checking whether FORTRAN can link a C++ object with library -lstdc++
configure:7079: result: no
configure:7068: checking whether FORTRAN can link a C++ object with library -lc++
configure:7074: result: yes
configure:7128: **** PLUMED will be installed using the following paths:
configure:7130: **** prefix: /Users/walfits/plumed-install
configure:7137: **** exec_prefix: ${prefix}
configure:7139: **** bindir: ${exec_prefix}/bin
configure:7141: **** libdir: ${exec_prefix}/lib
configure:7143: **** includedir: ${prefix}/include
configure:7145: **** datarootdir: ${prefix}/share
configure:7147: **** datadir: ${datarootdir}
configure:7149: **** docdir: ${prefix}/share/doc/plumed
configure:7151: **** htmldir: ${docdir}
configure:7153: **** Executable will be named plumed
configure:7155: **** You can change paths later using options to "make install"
configure:7157: **** e.g. with "make install prefix=/path"
configure:7169: **** PLUMED will be compiled without MPI
configure:7358: creating ./config.status

## ---------------------- ##
## Running config.status. ##
## ---------------------- ##

This file was extended by PLUMED config.status 2, which was
generated by GNU Autoconf 2.69.  Invocation command line was

  CONFIG_FILES    = 
  CONFIG_HEADERS  = 
  CONFIG_LINKS    = 
  CONFIG_COMMANDS = 
  $ ./config.status 

on eduroam-185-91.nomadic.bris.ac.uk

config.status:749: creating Makefile.conf
config.status:749: creating sourceme.sh
config.status:749: creating stamp-h

## ---------------- ##
## Cache variables. ##
## ---------------- ##

ac_cv_c_compiler_gnu=yes
ac_cv_cxx_compiler_gnu=yes
ac_cv_env_CCC_set=
ac_cv_env_CCC_value=
ac_cv_env_CC_set=
ac_cv_env_CC_value=
ac_cv_env_CFLAGS_set=
ac_cv_env_CFLAGS_value=
ac_cv_env_CPPFLAGS_set=
ac_cv_env_CPPFLAGS_value=
ac_cv_env_CXXCPP_set=
ac_cv_env_CXXCPP_value=
ac_cv_env_CXXFLAGS_set=
ac_cv_env_CXXFLAGS_value=
ac_cv_env_CXX_set=
ac_cv_env_CXX_value=
ac_cv_env_FCFLAGS_set=
ac_cv_env_FCFLAGS_value=
ac_cv_env_FC_set=
ac_cv_env_FC_value=
ac_cv_env_LDFLAGS_set=
ac_cv_env_LDFLAGS_value=
ac_cv_env_LDSO_set=
ac_cv_env_LDSO_value=
ac_cv_env_LIBS_set=
ac_cv_env_LIBS_value=
ac_cv_env_SOEXT_set=
ac_cv_env_SOEXT_value=
ac_cv_env_STATIC_LIBS_set=
ac_cv_env_STATIC_LIBS_value=
ac_cv_env_build_alias_set=
ac_cv_env_build_alias_value=
ac_cv_env_host_alias_set=
ac_cv_env_host_alias_value=
ac_cv_env_target_alias_set=
ac_cv_env_target_alias_value=
ac_cv_fc_compiler_gnu=yes
ac_cv_func_backtrace=yes
ac_cv_func_cblas_dgemv=yes
ac_cv_func_clock_gettime=yes
ac_cv_func_dgemv=no
ac_cv_func_dgemv_=no
ac_cv_func_dlopen=yes
ac_cv_func_dsyevr=no
ac_cv_func_gettimeofday=yes
ac_cv_func_gzopen=no
ac_cv_func_readdir=yes
ac_cv_func_readdir_r=yes
ac_cv_func_regcomp=yes
ac_cv_header_dirent_h=yes
ac_cv_header_dlfcn_h=yes
ac_cv_header_execinfo_h=yes
ac_cv_header_gsl_gsl_vector_h=no
ac_cv_header_inttypes_h=yes
ac_cv_header_matheval_h=no
ac_cv_header_memory_h=yes
ac_cv_header_regex_h=yes
ac_cv_header_stdc=yes
ac_cv_header_stdint_h=yes
ac_cv_header_stdlib_h=yes
ac_cv_header_string_h=yes
ac_cv_header_strings_h=yes
ac_cv_header_sys_stat_h=yes
ac_cv_header_sys_time_h=yes
ac_cv_header_sys_types_h=yes
ac_cv_header_time_h=yes
ac_cv_header_unistd_h=yes
ac_cv_header_xdrfile_xdrfile_xtc_h=no
ac_cv_header_zlib_h=yes
ac_cv_lib_blas_dgemv=yes
ac_cv_lib_dl_dlopen=yes
ac_cv_lib_lapack_dsyevr=yes
ac_cv_lib_molfile_plugin_molfile_dcdplugin_init=no
ac_cv_lib_z_gzopen=yes
ac_cv_objext=o
ac_cv_path_EGREP='/usr/bin/grep -E'
ac_cv_path_GREP=/usr/bin/grep
ac_cv_prog_CXXCPP='g++ -E'
ac_cv_prog_ac_ct_CC=gcc
ac_cv_prog_ac_ct_CXX=g++
ac_cv_prog_ac_ct_FC=gfortran
ac_cv_prog_cc_c89=
ac_cv_prog_cc_g=yes
ac_cv_prog_cxx_g=yes
ac_cv_prog_cxx_openmp=unsupported
ac_cv_prog_fc_g=yes
ac_cv_prog_xxd=found

## ----------------- ##
## Output variables. ##
## ----------------- ##

CC='gcc'
CFLAGS='-g -O2 -fPIC'
CPPFLAGS=''
CXX='g++'
CXXCPP='g++ -E'
CXXFLAGS='-O -fPIC -Wall -pedantic -ansi -g'
DEFS='-DPACKAGE_NAME=\"PLUMED\" -DPACKAGE_TARNAME=\"plumed\" -DPACKAGE_VERSION=\"2\" -DPACKAGE_STRING=\"PLUMED\ 2\" -DPACKAGE_BUGREPORT=\"\" -DPACKAGE_URL=\"\" -DSTDC_HEADERS=1 -DHAVE_SYS_TYPES_H=1 -DHAVE_SYS_STAT_H=1 -DHAVE_STDLIB_H=1 -DHAVE_STRING_H=1 -DHAVE_MEMORY_H=1 -DHAVE_STRINGS_H=1 -DHAVE_INTTYPES_H=1 -DHAVE_STDINT_H=1 -DHAVE_UNISTD_H=1 -D__PLUMED_HAS_EXTERNAL_BLAS=1 -D__PLUMED_HAS_EXTERNAL_LAPACK=1 -DF77_NO_UNDERSCORE=1 -D__PLUMED_HAS_MOLFILE_PLUGINS=1 -D__PLUMED_HAS_CLOCK_GETTIME=1 -D__PLUMED_HAS_GETTIMEOFDAY=1 -D__PLUMED_HAS_READDIR_R=1 -D__PLUMED_HAS_CREGEX=1 -D__PLUMED_HAS_DLOPEN=1 -D__PLUMED_HAS_EXECINFO=1 -D__PLUMED_HAS_ZLIB=1 -D_REENTRANT=1'
ECHO_C='\c'
ECHO_N=''
ECHO_T=''
EGREP='/usr/bin/grep -E'
EXEEXT=''
FC='gfortran'
FCFLAGS='-g -O2'
GREP='/usr/bin/grep'
LD='g++'
LDFLAGS=''
LDSO='g++ -undefined suppress -flat_namespace -dynamiclib'
LD_RO='ld -r -o'
LIBOBJS=''
LIBS='-lc++ -lstdc++ -lz -ldl -llapack -lblas '
LTLIBOBJS=''
OBJEXT='o'
OPENMP_CXXFLAGS=''
PACKAGE_BUGREPORT=''
PACKAGE_NAME='PLUMED'
PACKAGE_STRING='PLUMED 2'
PACKAGE_TARNAME='plumed'
PACKAGE_URL=''
PACKAGE_VERSION='2'
PATH_SEPARATOR=':'
SHELL='/bin/sh'
SOEXT='dylib'
STATIC_LIBS='-ldl '
ac_ct_CC='gcc'
ac_ct_CXX='g++'
ac_ct_FC='gfortran'
bindir='${exec_prefix}/bin'
build_alias=''
build_dir='/Users/walfits/Repositories/plumed2'
datadir='${datarootdir}'
datarootdir='${prefix}/share'
disable_dependency_tracking='no'
docdir='${datarootdir}/doc/${PACKAGE_TARNAME}'
dot=''
doxygen=''
dvidir='${docdir}'
exec_prefix='${prefix}'
host_alias=''
htmldir='${docdir}'
includedir='${prefix}/include'
infodir='${datarootdir}/info'
libdir='${exec_prefix}/lib'
libexecdir='${exec_prefix}/libexec'
localedir='${datarootdir}/locale'
localstatedir='${prefix}/var'
make_doc='no'
make_pdfdoc='no'
mandir='${datarootdir}/man'
oldincludedir='/usr/include'
pdfdir='${docdir}'
prefix='/Users/walfits/plumed-install'
program_can_run='yes'
program_can_run_mpi=''
program_name='plumed'
program_transform_name='s,x,x,'
psdir='${docdir}'
sbindir='${exec_prefix}/sbin'
sharedstatedir='${prefix}/com'
sysconfdir='${prefix}/etc'
target_alias=''
xxd='found'

## ----------- ##
## confdefs.h. ##
## ----------- ##

/* confdefs.h */
#define PACKAGE_NAME "PLUMED"
#define PACKAGE_TARNAME "plumed"
#define PACKAGE_VERSION "2"
#define PACKAGE_STRING "PLUMED 2"
#define PACKAGE_BUGREPORT ""
#define PACKAGE_URL ""
#define STDC_HEADERS 1
#define HAVE_SYS_TYPES_H 1
#define HAVE_SYS_STAT_H 1
#define HAVE_STDLIB_H 1
#define HAVE_STRING_H 1
#define HAVE_MEMORY_H 1
#define HAVE_STRINGS_H 1
#define HAVE_INTTYPES_H 1
#define HAVE_STDINT_H 1
#define HAVE_UNISTD_H 1
#define __PLUMED_HAS_EXTERNAL_BLAS 1
#define __PLUMED_HAS_EXTERNAL_LAPACK 1
#define F77_NO_UNDERSCORE 1
#define __PLUMED_HAS_MOLFILE_PLUGINS 1
#define __PLUMED_HAS_CLOCK_GETTIME 1
#define __PLUMED_HAS_GETTIMEOFDAY 1
#define __PLUMED_HAS_READDIR_R 1
#define __PLUMED_HAS_CREGEX 1
#define __PLUMED_HAS_DLOPEN 1
#define __PLUMED_HAS_EXECINFO 1
#define __PLUMED_HAS_ZLIB 1
#define _REENTRANT 1

configure: exit 0
